# JRE version: OpenJDK Runtime Environment (11.0.8+10) (build 11.0.8+10-b944.6842174)
# Java VM: OpenJDK 64-Bit Server VM (11.0.8+10-b944.6842174, mixed mode, tiered, compressed oops, g1 gc, windows-amd64)
Heap:
 garbage-first heap   total 96256K, used 37991K [0x0000000080000000, 0x0000000100000000)
  region size 1024K, 8 young (8192K), 3 survivors (3072K)
 Metaspace       used 35476K, capacity 36351K, committed 36432K, reserved 1081344K
  class space    used 4623K, capacity 4938K, committed 4992K, reserved 1048576K
GC Heap History (16 events):
Event: 3.317 GC heap before
{Heap before GC invocations=0 (full 0):
 garbage-first heap   total 96256K, used 19456K [0x0000000080000000, 0x0000000100000000)
  region size 1024K, 14 young (14336K), 0 survivors (0K)
 Metaspace       used 7477K, capacity 7667K, committed 7936K, reserved 1056768K
  class space    used 687K, capacity 748K, committed 768K, reserved 1048576K
}
Event: 3.327 GC heap after
{Heap after GC invocations=1 (full 0):
 garbage-first heap   total 96256K, used 8287K [0x0000000080000000, 0x0000000100000000)
  region size 1024K, 2 young (2048K), 2 survivors (2048K)
 Metaspace       used 7477K, capacity 7667K, committed 7936K, reserved 1056768K
  class space    used 687K, capacity 748K, committed 768K, reserved 1048576K
}
Event: 4.439 GC heap before
{Heap before GC invocations=1 (full 0):
 garbage-first heap   total 96256K, used 20575K [0x0000000080000000, 0x0000000100000000)
  region size 1024K, 14 young (14336K), 2 survivors (2048K)
 Metaspace       used 10879K, capacity 11132K, committed 11264K, reserved 1058816K
  class space    used 1144K, capacity 1201K, committed 1280K, reserved 1048576K
}
Event: 4.451 GC heap after
{Heap after GC invocations=2 (full 0):
 garbage-first heap   total 96256K, used 8888K [0x0000000080000000, 0x0000000100000000)
  region size 1024K, 1 young (1024K), 1 survivors (1024K)
 Metaspace       used 10879K, capacity 11132K, committed 11264K, reserved 1058816K
  class space    used 1144K, capacity 1201K, committed 1280K, reserved 1048576K
}
Event: 6.064 GC heap before
{Heap before GC invocations=2 (full 0):
 garbage-first heap   total 96256K, used 41656K [0x0000000080000000, 0x0000000100000000)
  region size 1024K, 34 young (34816K), 1 survivors (1024K)
 Metaspace       used 11163K, capacity 11540K, committed 11776K, reserved 1060864K
  class space    used 1174K, capacity 1273K, committed 1280K, reserved 1048576K
}
Event: 6.075 GC heap after
{Heap after GC invocations=3 (full 0):
 garbage-first heap   total 96256K, used 13551K [0x0000000080000000, 0x0000000100000000)
  region size 1024K, 5 young (5120K), 5 survivors (5120K)
 Metaspace       used 11163K, capacity 11540K, committed 11776K, reserved 1060864K
  class space    used 1174K, capacity 1273K, committed 1280K, reserved 1048576K
}
Event: 10.067 GC heap before
{Heap before GC invocations=3 (full 0):
 garbage-first heap   total 96256K, used 53487K [0x0000000080000000, 0x0000000100000000)
  region size 1024K, 44 young (45056K), 5 survivors (5120K)
 Metaspace       used 19180K, capacity 19651K, committed 19968K, reserved 1067008K
  class space    used 2335K, capacity 2470K, committed 2560K, reserved 1048576K
}
Event: 10.080 GC heap after
{Heap after GC invocations=4 (full 0):
 garbage-first heap   total 96256K, used 15921K [0x0000000080000000, 0x0000000100000000)
  region size 1024K, 3 young (3072K), 3 survivors (3072K)
 Metaspace       used 19180K, capacity 19651K, committed 19968K, reserved 1067008K
  class space    used 2335K, capacity 2470K, committed 2560K, reserved 1048576K
}
Event: 10.287 GC heap before
{Heap before GC invocations=4 (full 0):
 garbage-first heap   total 96256K, used 24113K [0x0000000080000000, 0x0000000100000000)
  region size 1024K, 12 young (12288K), 3 survivors (3072K)
 Metaspace       used 20587K, capacity 21187K, committed 21296K, reserved 1069056K
  class space    used 2516K, capacity 2688K, committed 2688K, reserved 1048576K
}
Event: 10.295 GC heap after
{Heap after GC invocations=5 (full 0):
 garbage-first heap   total 96256K, used 16332K [0x0000000080000000, 0x0000000100000000)
  region size 1024K, 4 young (4096K), 4 survivors (4096K)
 Metaspace       used 20587K, capacity 21187K, committed 21296K, reserved 1069056K
  class space    used 2516K, capacity 2688K, committed 2688K, reserved 1048576K
}
Event: 11.511 GC heap before
{Heap before GC invocations=6 (full 0):
 garbage-first heap   total 96256K, used 55244K [0x0000000080000000, 0x0000000100000000)
  region size 1024K, 42 young (43008K), 4 survivors (4096K)
 Metaspace       used 24988K, capacity 25694K, committed 25856K, reserved 1071104K
  class space    used 3225K, capacity 3471K, committed 3584K, reserved 1048576K
}
Event: 11.521 GC heap after
{Heap after GC invocations=7 (full 0):
 garbage-first heap   total 96256K, used 17934K [0x0000000080000000, 0x0000000100000000)
  region size 1024K, 5 young (5120K), 5 survivors (5120K)
 Metaspace       used 24988K, capacity 25694K, committed 25856K, reserved 1071104K
  class space    used 3225K, capacity 3471K, committed 3584K, reserved 1048576K
}
Event: 12.618 GC heap before
{Heap before GC invocations=7 (full 0):
 garbage-first heap   total 96256K, used 67086K [0x0000000080000000, 0x0000000100000000)
  region size 1024K, 44 young (45056K), 5 survivors (5120K)
 Metaspace       used 28434K, capacity 29219K, committed 29440K, reserved 1075200K
  class space    used 3772K, capacity 4049K, committed 4096K, reserved 1048576K
}
Event: 12.634 GC heap after
{Heap after GC invocations=8 (full 0):
 garbage-first heap   total 96256K, used 31090K [0x0000000080000000, 0x0000000100000000)
  region size 1024K, 6 young (6144K), 6 survivors (6144K)
 Metaspace       used 28434K, capacity 29219K, committed 29440K, reserved 1075200K
  class space    used 3772K, capacity 4049K, committed 4096K, reserved 1048576K
}
Event: 14.029 GC heap before
{Heap before GC invocations=8 (full 0):
 garbage-first heap   total 96256K, used 58738K [0x0000000080000000, 0x0000000100000000)
  region size 1024K, 35 young (35840K), 6 survivors (6144K)
 Metaspace       used 35037K, capacity 35935K, committed 36048K, reserved 1081344K
  class space    used 4563K, capacity 4842K, committed 4864K, reserved 1048576K
}
Event: 14.054 GC heap after
{Heap after GC invocations=9 (full 0):
 garbage-first heap   total 96256K, used 33895K [0x0000000080000000, 0x0000000100000000)
  region size 1024K, 3 young (3072K), 3 survivors (3072K)
 Metaspace       used 35037K, capacity 35935K, committed 36048K, reserved 1081344K
  class space    used 4563K, capacity 4842K, committed 4864K, reserved 1048576K
}

