# JRE version: OpenJDK Runtime Environment (11.0.8+10) (build 11.0.8+10-b944.6842174)
# Java VM: OpenJDK 64-Bit Server VM (11.0.8+10-b944.6842174, mixed mode, tiered, compressed oops, g1 gc, windows-amd64)
Heap:
 garbage-first heap   total 115712K, used 50398K [0x0000000080000000, 0x0000000100000000)
  region size 1024K, 4 young (4096K), 3 survivors (3072K)
 Metaspace       used 47637K, capacity 48972K, committed 49052K, reserved 1091584K
  class space    used 5921K, capacity 6339K, committed 6400K, reserved 1048576K
GC Heap History (20 events):
Event: 2.075 GC heap before
{Heap before GC invocations=1 (full 0):
 garbage-first heap   total 96256K, used 20001K [0x0000000080000000, 0x0000000100000000)
  region size 1024K, 14 young (14336K), 2 survivors (2048K)
 Metaspace       used 10882K, capacity 11132K, committed 11264K, reserved 1058816K
  class space    used 1144K, capacity 1201K, committed 1280K, reserved 1048576K
}
Event: 2.082 GC heap after
{Heap after GC invocations=2 (full 0):
 garbage-first heap   total 96256K, used 8612K [0x0000000080000000, 0x0000000100000000)
  region size 1024K, 1 young (1024K), 1 survivors (1024K)
 Metaspace       used 10882K, capacity 11132K, committed 11264K, reserved 1058816K
  class space    used 1144K, capacity 1201K, committed 1280K, reserved 1048576K
}
Event: 2.658 GC heap before
{Heap before GC invocations=2 (full 0):
 garbage-first heap   total 96256K, used 35236K [0x0000000080000000, 0x0000000100000000)
  region size 1024K, 27 young (27648K), 1 survivors (1024K)
 Metaspace       used 11022K, capacity 11260K, committed 11520K, reserved 1058816K
  class space    used 1145K, capacity 1201K, committed 1280K, reserved 1048576K
}
Event: 2.668 GC heap after
{Heap after GC invocations=3 (full 0):
 garbage-first heap   total 96256K, used 12870K [0x0000000080000000, 0x0000000100000000)
  region size 1024K, 4 young (4096K), 4 survivors (4096K)
 Metaspace       used 11022K, capacity 11260K, committed 11520K, reserved 1058816K
  class space    used 1145K, capacity 1201K, committed 1280K, reserved 1048576K
}
Event: 6.427 GC heap before
{Heap before GC invocations=3 (full 0):
 garbage-first heap   total 96256K, used 48710K [0x0000000080000000, 0x0000000100000000)
  region size 1024K, 39 young (39936K), 4 survivors (4096K)
 Metaspace       used 17710K, capacity 18192K, committed 18432K, reserved 1064960K
  class space    used 2098K, capacity 2239K, committed 2304K, reserved 1048576K
}
Event: 6.439 GC heap after
{Heap after GC invocations=4 (full 0):
 garbage-first heap   total 96256K, used 15524K [0x0000000080000000, 0x0000000100000000)
  region size 1024K, 3 young (3072K), 3 survivors (3072K)
 Metaspace       used 17710K, capacity 18192K, committed 18432K, reserved 1064960K
  class space    used 2098K, capacity 2239K, committed 2304K, reserved 1048576K
}
Event: 6.976 GC heap before
{Heap before GC invocations=4 (full 0):
 garbage-first heap   total 96256K, used 34980K [0x0000000080000000, 0x0000000100000000)
  region size 1024K, 23 young (23552K), 3 survivors (3072K)
 Metaspace       used 20623K, capacity 21187K, committed 21296K, reserved 1069056K
  class space    used 2519K, capacity 2688K, committed 2688K, reserved 1048576K
}
Event: 6.985 GC heap after
{Heap after GC invocations=5 (full 0):
 garbage-first heap   total 96256K, used 16141K [0x0000000080000000, 0x0000000100000000)
  region size 1024K, 4 young (4096K), 4 survivors (4096K)
 Metaspace       used 20623K, capacity 21187K, committed 21296K, reserved 1069056K
  class space    used 2519K, capacity 2688K, committed 2688K, reserved 1048576K
}
Event: 8.009 GC heap before
{Heap before GC invocations=6 (full 0):
 garbage-first heap   total 96256K, used 53005K [0x0000000080000000, 0x0000000100000000)
  region size 1024K, 40 young (40960K), 4 survivors (4096K)
 Metaspace       used 24783K, capacity 25438K, committed 25728K, reserved 1071104K
  class space    used 3188K, capacity 3407K, committed 3456K, reserved 1048576K
}
Event: 8.020 GC heap after
{Heap after GC invocations=7 (full 0):
 garbage-first heap   total 96256K, used 17646K [0x0000000080000000, 0x0000000100000000)
  region size 1024K, 3 young (3072K), 3 survivors (3072K)
 Metaspace       used 24783K, capacity 25438K, committed 25728K, reserved 1071104K
  class space    used 3188K, capacity 3407K, committed 3456K, reserved 1048576K
}
Event: 9.178 GC heap before
{Heap before GC invocations=7 (full 0):
 garbage-first heap   total 96256K, used 66798K [0x0000000080000000, 0x0000000100000000)
  region size 1024K, 42 young (43008K), 3 survivors (3072K)
 Metaspace       used 28355K, capacity 29187K, committed 29440K, reserved 1075200K
  class space    used 3747K, capacity 4017K, committed 4096K, reserved 1048576K
}
Event: 9.190 GC heap after
{Heap after GC invocations=8 (full 0):
 garbage-first heap   total 96256K, used 31094K [0x0000000080000000, 0x0000000100000000)
  region size 1024K, 6 young (6144K), 6 survivors (6144K)
 Metaspace       used 28355K, capacity 29187K, committed 29440K, reserved 1075200K
  class space    used 3747K, capacity 4017K, committed 4096K, reserved 1048576K
}
Event: 11.292 GC heap before
{Heap before GC invocations=8 (full 0):
 garbage-first heap   total 96256K, used 59766K [0x0000000080000000, 0x0000000100000000)
  region size 1024K, 36 young (36864K), 6 survivors (6144K)
 Metaspace       used 35056K, capacity 35935K, committed 36048K, reserved 1081344K
  class space    used 4560K, capacity 4842K, committed 4864K, reserved 1048576K
}
Event: 11.318 GC heap after
{Heap after GC invocations=9 (full 0):
 garbage-first heap   total 115712K, used 33856K [0x0000000080000000, 0x0000000100000000)
  region size 1024K, 3 young (3072K), 3 survivors (3072K)
 Metaspace       used 35056K, capacity 35935K, committed 36048K, reserved 1081344K
  class space    used 4560K, capacity 4842K, committed 4864K, reserved 1048576K
}
Event: 19.586 GC heap before
{Heap before GC invocations=10 (full 0):
 garbage-first heap   total 115712K, used 80960K [0x0000000080000000, 0x0000000100000000)
  region size 1024K, 43 young (44032K), 3 survivors (3072K)
 Metaspace       used 39598K, capacity 40560K, committed 40732K, reserved 1085440K
  class space    used 5091K, capacity 5469K, committed 5504K, reserved 1048576K
}
Event: 19.604 GC heap after
{Heap after GC invocations=11 (full 0):
 garbage-first heap   total 115712K, used 39682K [0x0000000080000000, 0x0000000100000000)
  region size 1024K, 5 young (5120K), 5 survivors (5120K)
 Metaspace       used 39598K, capacity 40560K, committed 40732K, reserved 1085440K
  class space    used 5091K, capacity 5469K, committed 5504K, reserved 1048576K
}
Event: 29.828 GC heap before
{Heap before GC invocations=11 (full 0):
 garbage-first heap   total 115712K, used 81666K [0x0000000080000000, 0x0000000100000000)
  region size 1024K, 44 young (45056K), 5 survivors (5120K)
 Metaspace       used 44342K, capacity 45517K, committed 45596K, reserved 1089536K
  class space    used 5539K, capacity 5961K, committed 6016K, reserved 1048576K
}
Event: 29.851 GC heap after
{Heap after GC invocations=12 (full 0):
 garbage-first heap   total 115712K, used 47180K [0x0000000080000000, 0x0000000100000000)
  region size 1024K, 6 young (6144K), 6 survivors (6144K)
 Metaspace       used 44342K, capacity 45517K, committed 45596K, reserved 1089536K
  class space    used 5539K, capacity 5961K, committed 6016K, reserved 1048576K
}
Event: 35.676 GC heap before
{Heap before GC invocations=12 (full 0):
 garbage-first heap   total 115712K, used 85068K [0x0000000080000000, 0x0000000100000000)
  region size 1024K, 43 young (44032K), 6 survivors (6144K)
 Metaspace       used 47637K, capacity 48972K, committed 49052K, reserved 1091584K
  class space    used 5921K, capacity 6339K, committed 6400K, reserved 1048576K
}
Event: 35.696 GC heap after
{Heap after GC invocations=13 (full 0):
 garbage-first heap   total 115712K, used 50398K [0x0000000080000000, 0x0000000100000000)
  region size 1024K, 3 young (3072K), 3 survivors (3072K)
 Metaspace       used 47637K, capacity 48972K, committed 49052K, reserved 1091584K
  class space    used 5921K, capacity 6339K, committed 6400K, reserved 1048576K
}

